<?xml version="1.0" encoding="UTF-8"?>
<testsuite name="SimpleBankSystemTest" tests="1" skipped="0" failures="0" errors="0" timestamp="2022-12-27T12:29:17" hostname="DESKTOP-EHNMICB" time="0.163">
  <properties/>
  <testcase name="start" classname="SimpleBankSystemTest" time="0.163"/>
  <system-out><![CDATA[?[1;31m
Start test 1?[0m
1. Create an account
2. Log into account
0. Exit

> 1
Your card has been created
Your card number:
4000003638998514
Your card PIN:
9511
1. Create an account
2. Log into account
0. Exit

> 1
Your card has been created
Your card number:
4000001684801174
Your card PIN:
1455
1. Create an account
2. Log into account
0. Exit

> 0
Bye!
?[1;31m
Start test 2?[0m
1. Create an account
2. Log into account
0. Exit

> 1
Your card has been created
Your card number:
4000008342886314
Your card PIN:
1646
1. Create an account
2. Log into account
0. Exit

> 2
Enter your card number:
> 4000008342886314
Enter your PIN:
> 1646
You have successfully logged in!
1. Balance
2. Log out
0. Exit

> 2
1. Create an account
2. Log into account
0. Exit

> 0
Bye!
?[1;31m
Start test 3?[0m
1. Create an account
2. Log into account
0. Exit

> 1
Your card has been created
Your card number:
4000002154026254
Your card PIN:
3237
1. Create an account
2. Log into account
0. Exit

> 2
Enter your card number:
> 4000002154026254
Enter your PIN:
> 8018
Wrong card number or PIN!
1. Create an account
2. Log into account
0. Exit

> 0
Bye!
?[1;31m
Start test 4?[0m
1. Create an account
2. Log into account
0. Exit

> 1
Your card has been created
Your card number:
4000003732639854
Your card PIN:
5998
1. Create an account
2. Log into account
0. Exit

> 2
Enter your card number:
> 400000722730344
Enter your PIN:
> 5998
Wrong card number or PIN!
1. Create an account
2. Log into account
0. Exit

?[1;31m
Start test 5?[0m
1. Create an account
2. Log into account
0. Exit

> 1
Your card has been created
Your card number:
4000009005312024
Your card PIN:
6145
1. Create an account
2. Log into account
0. Exit

> 2
Enter your card number:
> 4000009005312024
Enter your PIN:
> 6145
You have successfully logged in!
1. Balance
2. Log out
0. Exit

> 1
Balance: 0
1. Balance
2. Log out
0. Exit

> 0
]]></system-out>
  <system-err><![CDATA[]]></system-err>
</testsuite>
