<?xml version="1.0" encoding="UTF-8"?>
<testsuite name="SimpleBankSystemTest" tests="1" skipped="0" failures="0" errors="0" timestamp="2023-01-05T10:29:36" hostname="DESKTOP-EHNMICB" time="0.372">
  <properties/>
  <testcase name="start" classname="SimpleBankSystemTest" time="0.372"/>
  <system-out><![CDATA[?[1;31m
Start test 1?[0m
Connection to SQLite has been established.
suc
1. Create an account
2. Log into account
0. Exit

> 0
Bye!
?[1;31m
Start test 2?[0m
Connection to SQLite has been established.
suc
1. Create an account
2. Log into account
0. Exit

> 0
Bye!
?[1;31m
Start test 3?[0m
Connection to SQLite has been established.
suc
1. Create an account
2. Log into account
0. Exit

> 0
Bye!
?[1;31m
Start test 4?[0m
Connection to SQLite has been established.
suc
1. Create an account
2. Log into account
0. Exit

> 0
Bye!
?[1;31m
Start test 5?[0m
Connection to SQLite has been established.
suc
1. Create an account
2. Log into account
0. Exit

> 1
52
Your card has been created
Your card number:
4000008592236298
Your card PIN:
4016
1. Create an account
2. Log into account
0. Exit

> 1
61
Your card has been created
Your card number:
4000003767863729
Your card PIN:
8408
1. Create an account
2. Log into account
0. Exit

> 1
34
Your card has been created
Your card number:
4000001060651486
Your card PIN:
8841
1. Create an account
2. Log into account
0. Exit

> 1
55
Your card has been created
Your card number:
4000002598386165
Your card PIN:
5296
1. Create an account
2. Log into account
0. Exit

> 1
44
Your card has been created
Your card number:
4000005042388166
Your card PIN:
3228
1. Create an account
2. Log into account
0. Exit

> 0
Bye!
?[0;34m4000008592236298
?[0m?[0;34m4000003767863729
?[0m?[0;34m4000001060651486
?[0m?[0;34m4000002598386165
?[0m?[0;34m4000005042388166
?[1;31m
Start test 6?[0m
Connection to SQLite has been established.
suc
1. Create an account
2. Log into account
0. Exit

> 1
56
Your card has been created
Your card number:
4000009507947524
Your card PIN:
2368
1. Create an account
2. Log into account
0. Exit

> 2
Enter your card number:
> 4000009507947524
Enter your PIN:
> 2368
You have successfully logged in!
1. Balance
2. Log out
0. Exit

> 0
?[1;31m
Start test 7?[0m
Connection to SQLite has been established.
suc
1. Create an account
2. Log into account
0. Exit

> 1
40
Your card has been created
Your card number:
4000007006127820
Your card PIN:
9117
1. Create an account
2. Log into account
0. Exit

> 2
Enter your card number:
> 4000007006127820
Enter your PIN:
> 4175
Wrong card number or PIN!
1. Create an account
2. Log into account
0. Exit

> 0
Bye!
?[1;31m
Start test 8?[0m
Connection to SQLite has been established.
suc
1. Create an account
2. Log into account
0. Exit

> 1
46
Your card has been created
Your card number:
4000002334783204
Your card PIN:
0825
1. Create an account
2. Log into account
0. Exit

> 2
Enter your card number:
> 400000876999475
Enter your PIN:
> 0825
Wrong card number or PIN!
1. Create an account
2. Log into account
0. Exit

> 0
Bye!
?[1;31m
Start test 9?[0m
Connection to SQLite has been established.
suc
1. Create an account
2. Log into account
0. Exit

> 1
44
Your card has been created
Your card number:
4000000633073236
Your card PIN:
2825
1. Create an account
2. Log into account
0. Exit

> 2
Enter your card number:
> 4000000633073236
Enter your PIN:
> 2825
You have successfully logged in!
1. Balance
2. Log out
0. Exit

> 1
Balance: 0
1. Balance
2. Log out
0. Exit

> 0
]]></system-out>
  <system-err><![CDATA[]]></system-err>
</testsuite>
